Arguments: 
  C:\Program Files\nodejs\node.exe C:\Users\s19s9\AppData\Roaming\npm\node_modules\yarn\bin\yarn.js add mmenu

PATH: 
  C:\Python27\;C:\Python27\Scripts;C:\Users\s19s9\AppData\Local\Programs\Python\Python39\Scripts\;C:\Users\s19s9\AppData\Local\Programs\Python\Python39\;C:\WINDOWS\system32;C:\WINDOWS;C:\WINDOWS\System32\Wbem;C:\WINDOWS\System32\WindowsPowerShell\v1.0\;C:\WINDOWS\System32\OpenSSH\;C:\Program Files\Git\cmd;C:\Program Files\Docker\Docker\resources\bin;C:\ProgramData\DockerDesktop\version-bin;C:\ProgramData\chocolatey\bin;C:\Program Files\nodejs\;C:\Users\s19s9\AppData\Local\Microsoft\WindowsApps;C:\Users\s19s9\AppData\Local\GitHubDesktop\bin;C:\Users\s19s9\AppData\Local\Programs\Microsoft VS Code\bin;C:\Program Files\JetBrains\PyCharm 2021.1.2\bin;C:\Program Files\JetBrains\PyCharm Community Edition 2021.2\bin;C:\Program Files\JetBrains\PyCharm 2021.2\bin;C:\Users\s19s9\AppData\Roaming\npm;C:\Users\s19s9\AppData\Local\Microsoft\WindowsApps;C:\Users\s19s9\AppData\Local\atom\bin

Yarn version: 
  1.22.15

Node version: 
  12.13.0

Platform: 
  win32 x64

Trace: 
  Error: https://registry.yarnpkg.com/mmenu: Not found
      at Request.params.callback [as _callback] (C:\Users\s19s9\AppData\Roaming\npm\node_modules\yarn\lib\cli.js:66140:18)
      at Request.self.callback (C:\Users\s19s9\AppData\Roaming\npm\node_modules\yarn\lib\cli.js:140885:22)
      at Request.emit (events.js:210:5)
      at Request.<anonymous> (C:\Users\s19s9\AppData\Roaming\npm\node_modules\yarn\lib\cli.js:141857:10)
      at Request.emit (events.js:210:5)
      at IncomingMessage.<anonymous> (C:\Users\s19s9\AppData\Roaming\npm\node_modules\yarn\lib\cli.js:141779:12)
      at Object.onceWrapper (events.js:299:28)
      at IncomingMessage.emit (events.js:215:7)
      at endReadableNT (_stream_readable.js:1183:12)
      at processTicksAndRejections (internal/process/task_queues.js:80:21)

npm manifest: 
  {
      "name": "gulp-scss-starter",
      "description": "Frontend development with pleasure",
      "author": "Andrey Gorokhov",
      "repository": {
          "type": "git",
          "url": "https://github.com/andreyalexeich/gulp-scss-starter.git"
      },
      "license": "MIT",
      "scripts": {
          "dev": "gulp",
          "build": "gulp prod --production",
          "build:views": "gulp views --production",
          "build:styles": "gulp styles --production",
          "build:scripts": "gulp scripts --production",
          "build:images": "gulp images --production",
          "build:webp": "gulp webp --production",
          "build:sprites": "gulp sprites --production",
          "build:fonts": "gulp fonts --production",
          "build:favicons": "gulp favicons --production",
          "build:gzip": "gulp gzip --production",
          "lint:styles": "stylelint \"src/**/*.scss\" --syntax=scss",
          "lint:styles --fix": "stylelint \"src/**/*.scss\" --syntax=scss --fix",
          "lint:scripts": "eslint --color ./src/blocks",
          "lint:scripts --fix": "eslint --fix --color ./src/blocks",
          "bem-c": "bem create $* -l src/blocks/components",
          "bem-m": "bem create $* -l src/blocks/modules"
      },
      "devDependencies": {
          "@babel/core": "^7.4.3",
          "@babel/preset-env": "^7.4.3",
          "@babel/register": "^7.4.0",
          "babel-eslint": "^10.0.1",
          "babel-loader": "^8.0.5",
          "bem-tools-core": "bem-tools/bem-tools-core",
          "bem-tools-create": "bem-tools/bem-tools-create",
          "browser-sync": "^2.23.6",
          "del": "^5.1.0",
          "gulp": "^4.0.0",
          "gulp-autoprefixer": "^7.0.1",
          "gulp-clean-css": "^4.2.0",
          "gulp-debug": "^4.0.0",
          "gulp-favicons": "^2.3.1",
          "gulp-file-include": "^2.0.1",
          "gulp-group-css-media-queries": "^1.2.2",
          "gulp-if": "^3.0.0",
          "gulp-imagemin": "^7.1.0",
          "gulp-newer": "^1.4.0",
          "gulp-plumber": "^1.2.0",
          "gulp-rename": "^2.0.0",
          "gulp-replace": "^1.0.0",
          "gulp-sass": "^4.0.2",
          "gulp-sourcemaps": "^2.6.4",
          "gulp-svg-sprite": "^1.5.0",
          "gulp-watch": "^5.0.0",
          "gulp-webp": "^4.0.1",
          "husky": "^4.2.1",
          "imagemin-giflossy": "^5.1.10",
          "imagemin-jpeg-recompress": "^7.0.0",
          "imagemin-mozjpeg": "^9.0.0",
          "imagemin-pngquant": "^9.0.0",
          "imagemin-webp": "^6.0.0",
          "imagemin-zopfli": "^7.0.0",
          "lint-staged": "^10.0.3",
          "require-dir": "^1.2.0",
          "stylelint": "^13.6.1",
          "stylelint-order": "^4.1.0",
          "stylelint-selector-bem-pattern": "^2.1.0",
          "webpack": "^4.30.0",
          "webpack-stream": "^5.2.1",
          "yargs": "^15.4.1"
      },
      "dependencies": {
          "mmenu-js": "^8.5.24",
          "smart-grid": "^2.1.2"
      },
      "husky": {
          "hooks": {
              "pre-commit": "lint-staged"
          }
      },
      "lint-staged": {
          "!(_*).scss": [
              "stylelint --fix --color --config ./.stylelintrc"
          ],
          "*.js": [
              "eslint --fix --color"
          ]
      }
  }

yarn manifest: 
  No manifest

Lockfile: 
  No lockfile
